<?xml version="1.0" encoding="UTF-8"?>
<!-- Generated by org.testng.reporters.JUnitReportReporter -->
<testsuite hostname="MacBook-Pro-von-Nandan.local" failures="0" tests="1" name="com.prd.run.DailyOrdersMonitoring" time="720.440" errors="0" timestamp="28 May 2024 19:26:22 GMT" skipped="0">
  <testcase classname="com.prd.run.DailyOrdersMonitoring" name="CheckStoreStatus" time="720.440"/>
</testsuite> <!-- com.prd.run.DailyOrdersMonitoring -->
